{"name": "test_logo_yandex", "status": "broken", "statusDetails": {"message": "selenium.common.exceptions.TimeoutException: Message: \nStacktrace:\nRemoteError@chrome://remote/content/shared/RemoteError.sys.mjs:8:8\nWebDriverError@chrome://remote/content/shared/webdriver/Errors.sys.mjs:191:5\nNoSuchElementError@chrome://remote/content/shared/webdriver/Errors.sys.mjs:509:5\ndom.find/</<@chrome://remote/content/shared/DOM.sys.mjs:136:16", "trace": "self = <tests.test_header_page.TestHeaderPage object at 0x000001CE4F838740>, main_page = <pages.main_page.MainPage object at 0x000001CE4F83BDD0>, header_page = <pages.header_page.HeaderPage object at 0x000001CE4F86C530>\ndzen_page = <pages.header_page.DzenPage object at 0x000001CE4F86C320>\n\n    def test_logo_yandex(self, main_page, header_page, dzen_page):\n        header_page.make_order()\n        header_page.click_element(HeaderPageLocators.LOGO_YANDEX)\n>       dzen_page.close_window()\n\ntests\\test_header_page.py:13: \n_ _ _ _ _ _ _ _ _ _ _ _ _ _ _ _ _ _ _ _ _ _ _ _ _ _ _ _ _ _ _ _ _ _ _ _ _ _ _ _ _ _ _ _ _ _ _ _ _ _ _ _ _ _ _ _ _ _ _ _ _ _ _ _ _ _ _ _ _ _ _ _ _ _ _ _ _ _ _ _ _ _ _ _ _ _ _ _ _ _ _ _ _ _ _ _ _ _ _ _ _ _ _ _ _ _ _ _ _ _ _ _ _ _ _ _\npages\\header_page.py:16: in close_window\n    self.click_element(HeaderPageLocators.BUTTON_CLOSE)\npages\\base_page.py:17: in click_element\n    self.find_element_with_wait(locator).click()\npages\\base_page.py:10: in find_element_with_wait\n    WebDriverWait(self.driver, 15).until(expected_conditions.presence_of_element_located(locator))\n_ _ _ _ _ _ _ _ _ _ _ _ _ _ _ _ _ _ _ _ _ _ _ _ _ _ _ _ _ _ _ _ _ _ _ _ _ _ _ _ _ _ _ _ _ _ _ _ _ _ _ _ _ _ _ _ _ _ _ _ _ _ _ _ _ _ _ _ _ _ _ _ _ _ _ _ _ _ _ _ _ _ _ _ _ _ _ _ _ _ _ _ _ _ _ _ _ _ _ _ _ _ _ _ _ _ _ _ _ _ _ _ _ _ _ _\n\nself = <selenium.webdriver.support.wait.WebDriverWait (session=\"02b02fa7-98ac-46d9-ba36-8ce0c2833d68\")>, method = <function presence_of_element_located.<locals>._predicate at 0x000001CE4F865620>, message = ''\n\n    def until(self, method: Callable[[D], Union[Literal[False], T]], message: str = \"\") -> T:\n        \"\"\"Calls the method provided with the driver as an argument until the \\\n        return value does not evaluate to ``False``.\n    \n        :param method: callable(WebDriver)\n        :param message: optional message for :exc:`TimeoutException`\n        :returns: the result of the last call to `method`\n        :raises: :exc:`selenium.common.exceptions.TimeoutException` if timeout occurs\n        \"\"\"\n        screen = None\n        stacktrace = None\n    \n        end_time = time.monotonic() + self._timeout\n        while True:\n            try:\n                value = method(self._driver)\n                if value:\n                    return value\n            except self._ignored_exceptions as exc:\n                screen = getattr(exc, \"screen\", None)\n                stacktrace = getattr(exc, \"stacktrace\", None)\n            time.sleep(self._poll)\n            if time.monotonic() > end_time:\n                break\n>       raise TimeoutException(message, screen, stacktrace)\nE       selenium.common.exceptions.TimeoutException: Message: \nE       Stacktrace:\nE       RemoteError@chrome://remote/content/shared/RemoteError.sys.mjs:8:8\nE       WebDriverError@chrome://remote/content/shared/webdriver/Errors.sys.mjs:191:5\nE       NoSuchElementError@chrome://remote/content/shared/webdriver/Errors.sys.mjs:509:5\nE       dom.find/</<@chrome://remote/content/shared/DOM.sys.mjs:136:16\n\nvenv\\Lib\\site-packages\\selenium\\webdriver\\support\\wait.py:105: TimeoutException"}, "start": 1710100268646, "stop": 1710100289294, "uuid": "6f49577a-5386-4326-bab1-cb7d43b09606", "historyId": "5f0bfc995942b0245cee53d522f95514", "testCaseId": "5f0bfc995942b0245cee53d522f95514", "fullName": "tests.test_header_page.TestHeaderPage#test_logo_yandex", "labels": [{"name": "parentSuite", "value": "tests"}, {"name": "suite", "value": "test_header_page"}, {"name": "subSuite", "value": "TestHeaderPage"}, {"name": "host", "value": "pnb17"}, {"name": "thread", "value": "24336-MainThread"}, {"name": "framework", "value": "pytest"}, {"name": "language", "value": "cpython3"}, {"name": "package", "value": "tests.test_header_page"}]}